<?xml version="1.0" encoding="UTF-8"?>
<testsuite name="com.lab18.Lab18ApplicationTests" tests="2" skipped="0" failures="0" errors="0" timestamp="2023-05-03T09:28:16" hostname="MacBook-Pro" time="0.031">
  <properties/>
  <testcase name="addUser()" classname="com.lab18.Lab18ApplicationTests" time="0.028"/>
  <testcase name="contextLoads()" classname="com.lab18.Lab18ApplicationTests" time="0.002"/>
  <system-out><![CDATA[12:28:13.651 [Test worker] INFO  o.s.t.c.s.AnnotationConfigContextLoaderUtils – Could not detect default configuration classes for test class [com.lab18.Lab18ApplicationTests]: Lab18ApplicationTests does not declare any static, non-private, non-final, nested classes annotated with @Configuration.
12:28:13.705 [Test worker] INFO  o.s.b.t.c.SpringBootTestContextBootstrapper – Found @SpringBootConfiguration com.lab18.Lab18Application for test class com.lab18.Lab18ApplicationTests

  .   ____          _            __ _ _
 /\\ / ___'_ __ _ _(_)_ __  __ _ \ \ \ \
( ( )\___ | '_ | '_| | '_ \/ _` | \ \ \ \
 \\/  ___)| |_)| | | | | || (_| |  ) ) ) )
  '  |____| .__|_| |_|_| |_\__, | / / / /
 =========|_|==============|___/=/_/_/_/
 :: Spring Boot ::                (v3.0.5)

12:28:13.887 [Test worker] INFO  com.lab18.Lab18ApplicationTests – Starting Lab18ApplicationTests using Java 17.0.4.1 with PID 77851 (started by petr in /Users/petr/Documents/4sem/JAVA_Spring/lab18)
12:28:13.888 [Test worker] INFO  com.lab18.Lab18ApplicationTests – No active profile set, falling back to 1 default profile: "default"
12:28:14.189 [Test worker] INFO  o.s.d.r.c.RepositoryConfigurationDelegate – Bootstrapping Spring Data JPA repositories in DEFAULT mode.
12:28:14.212 [Test worker] INFO  o.s.d.r.c.RepositoryConfigurationDelegate – Finished Spring Data repository scanning in 18 ms. Found 4 JPA repository interfaces.
12:28:14.575 [Test worker] INFO  o.h.jpa.internal.util.LogHelper – HHH000204: Processing PersistenceUnitInfo [name: default]
12:28:14.603 [Test worker] INFO  org.hibernate.Version – HHH000412: Hibernate ORM core version 6.1.7.Final
12:28:14.736 [Test worker] INFO  com.zaxxer.hikari.HikariDataSource – HikariPool-1 - Starting...
12:28:14.822 [Test worker] INFO  com.zaxxer.hikari.pool.HikariPool – HikariPool-1 - Added connection org.postgresql.jdbc.PgConnection@50785f86
12:28:14.824 [Test worker] INFO  com.zaxxer.hikari.HikariDataSource – HikariPool-1 - Start completed.
12:28:14.852 [Test worker] INFO  SQL dialect – HHH000400: Using dialect: org.hibernate.dialect.PostgreSQLDialect
12:28:15.315 [Test worker] INFO  o.h.e.t.j.p.i.JtaPlatformInitiator – HHH000490: Using JtaPlatform implementation: [org.hibernate.engine.transaction.jta.platform.internal.NoJtaPlatform]
12:28:15.321 [Test worker] INFO  o.s.o.j.LocalContainerEntityManagerFactoryBean – Initialized JPA EntityManagerFactory for persistence unit 'default'
12:28:15.559 [Test worker] WARN  o.s.b.a.o.j.JpaBaseConfiguration$JpaWebConfiguration – spring.jpa.open-in-view is enabled by default. Therefore, database queries may be performed during view rendering. Explicitly configure spring.jpa.open-in-view to disable this warning
12:28:15.739 [Test worker] INFO  o.s.b.a.e.web.EndpointLinksResolver – Exposing 1 endpoint(s) beneath base path '/actuator'
12:28:15.786 [Test worker] INFO  o.s.s.web.DefaultSecurityFilterChain – Will secure any request with [org.springframework.security.web.session.DisableEncodeUrlFilter@6fa5fc67, org.springframework.security.web.context.request.async.WebAsyncManagerIntegrationFilter@17e323fd, org.springframework.security.web.context.SecurityContextHolderFilter@5e38329d, org.springframework.security.web.header.HeaderWriterFilter@7c08461b, org.springframework.security.web.authentication.logout.LogoutFilter@157a2c86, org.springframework.security.web.authentication.UsernamePasswordAuthenticationFilter@fdeec12, org.springframework.security.web.authentication.ui.DefaultLoginPageGeneratingFilter@333e01c6, org.springframework.security.web.authentication.ui.DefaultLogoutPageGeneratingFilter@6df0d030, org.springframework.security.web.savedrequest.RequestCacheAwareFilter@7d816d32, org.springframework.security.web.servletapi.SecurityContextHolderAwareRequestFilter@322399e6, org.springframework.security.web.authentication.AnonymousAuthenticationFilter@33319df0, org.springframework.security.web.access.ExceptionTranslationFilter@257e8c43, org.springframework.security.web.access.intercept.AuthorizationFilter@173602c0]
12:28:15.974 [Test worker] INFO  com.lab18.Lab18ApplicationTests – Started Lab18ApplicationTests in 2.204 seconds (process running for 2.784)
]]></system-out>
  <system-err><![CDATA[]]></system-err>
</testsuite>
